<?xml version="1.0" encoding="UTF-8"?>
<!-- Generated by org.testng.reporters.JUnitReportReporter -->
<testsuite hostname="DESKTOP-HN5IFF8" failures="0" tests="1" name="apptest.AppTest" time="5.419" errors="0" timestamp="2021-10-31T18:51:00 IST" skipped="0">
  <testcase classname="apptest.AppTest" name="m1" time="5.419"/>
  <system-out/>
</testsuite> <!-- apptest.AppTest -->
