<?xml version="1.0" encoding="UTF-8"?>
<!-- Generated by org.testng.reporters.JUnitReportReporter -->
<testsuite skipped="0" hostname="DESKTOP-HN5IFF8" name="apptest.MobileTest" tests="1" failures="0" timestamp="2021-10-30T16:24:06 IST" time="0.000" errors="0">
  <testcase name="m2" time="0.000" classname="apptest.MobileTest"/>
  <system-out/>
</testsuite> <!-- apptest.MobileTest -->
