<?xml version="1.0" encoding="UTF-8"?>
<!-- Generated by org.testng.reporters.JUnitReportReporter -->
<testsuite skipped="0" hostname="DESKTOP-HN5IFF8" name="apptest.AppTest" tests="1" failures="0" timestamp="2021-10-30T16:24:51 IST" time="0.005" errors="0">
  <testcase name="m1" time="0.005" classname="apptest.AppTest"/>
  <system-out/>
</testsuite> <!-- apptest.AppTest -->
